<?xml version="1.0" encoding="UTF-8"?>
<testsuite xmlns:xsi="http://www.w3.org/2001/XMLSchema-instance" xsi:noNamespaceSchemaLocation="https://maven.apache.org/surefire/maven-surefire-plugin/xsd/surefire-test-report.xsd" version="3.0.2" name="com.component.checkout.infrastructure.repository.UserRepositoryTest" time="1.182" tests="1" errors="0" skipped="0" failures="0">
  <properties>
[...]
</properties>
  <testcase name="testFindUserByLogin_success" classname="com.component.checkout.infrastructure.repository.UserRepositoryTest" time="0.02">
    <system-out><![CDATA[2024-12-20T18:37:03.196+01:00  INFO 17282 --- [CC3] [           main] t.c.s.AnnotationConfigContextLoaderUtils : Could not detect default configuration classes for test class [com.component.checkout.infrastructure.repository.UserRepositoryTest]: UserRepositoryTest does not declare any static, non-private, non-final, nested classes annotated with @Configuration.
2024-12-20T18:37:03.237+01:00  INFO 17282 --- [CC3] [           main] .b.t.c.SpringBootTestContextBootstrapper : Found @SpringBootConfiguration com.component.checkout.Cc3Application for test class com.component.checkout.infrastructure.repository.UserRepositoryTest
2024-12-20T18:37:03.242+01:00  INFO 17282 --- [CC3] [           main] o.s.b.d.r.RestartApplicationListener     : Restart disabled due to context in which it is running

  .   ____          _            __ _ _
 /\\ / ___'_ __ _ _(_)_ __  __ _ \ \ \ \
( ( )\___ | '_ | '_| | '_ \/ _` | \ \ \ \
 \\/  ___)| |_)| | | | | || (_| |  ) ) ) )
  '  |____| .__|_| |_|_| |_\__, | / / / /
 =========|_|==============|___/=/_/_/_/

 :: Spring Boot ::                (v3.4.0)

2024-12-20T18:37:03.290+01:00  INFO 17282 --- [CC3] [           main] c.c.c.i.repository.UserRepositoryTest    : Starting UserRepositoryTest using Java 17.0.13 with PID 17282 (started by cyboran in /home/cyboran/Pulpit/checkout-component-3.0)
2024-12-20T18:37:03.290+01:00  INFO 17282 --- [CC3] [           main] c.c.c.i.repository.UserRepositoryTest    : The following 1 profile is active: "test"
2024-12-20T18:37:03.427+01:00  INFO 17282 --- [CC3] [           main] .s.d.r.c.RepositoryConfigurationDelegate : Bootstrapping Spring Data JPA repositories in DEFAULT mode.
2024-12-20T18:37:03.449+01:00  INFO 17282 --- [CC3] [           main] .s.d.r.c.RepositoryConfigurationDelegate : Finished Spring Data repository scanning in 20 ms. Found 5 JPA repository interfaces.
2024-12-20T18:37:03.475+01:00  INFO 17282 --- [CC3] [           main] beddedDataSourceBeanFactoryPostProcessor : Replacing 'dataSource' DataSource bean with embedded version
2024-12-20T18:37:03.514+01:00  INFO 17282 --- [CC3] [           main] o.s.j.d.e.EmbeddedDatabaseFactory        : Starting embedded database: url='jdbc:h2:mem:0779cb4e-9378-448f-bda7-b09f286656d6;DB_CLOSE_DELAY=-1;DB_CLOSE_ON_EXIT=false', username='sa'
2024-12-20T18:37:03.522+01:00  INFO 17282 --- [CC3] [           main] liquibase.database                       : Set default schema name to PUBLIC
2024-12-20T18:37:03.739+01:00  INFO 17282 --- [CC3] [           main] liquibase.changelog                      : Creating database history table with name: PUBLIC.DATABASECHANGELOG
2024-12-20T18:37:03.745+01:00  INFO 17282 --- [CC3] [           main] liquibase.changelog                      : Reading from PUBLIC.DATABASECHANGELOG
2024-12-20T18:37:03.794+01:00  INFO 17282 --- [CC3] [           main] liquibase.lockservice                    : Successfully acquired change log lock
2024-12-20T18:37:03.795+01:00  INFO 17282 --- [CC3] [           main] liquibase.command                        : Using deploymentId: 4716223795
2024-12-20T18:37:03.796+01:00  INFO 17282 --- [CC3] [           main] liquibase.changelog                      : Reading from PUBLIC.DATABASECHANGELOG
2024-12-20T18:37:03.829+01:00  INFO 17282 --- [CC3] [           main] liquibase.ui                             : Running Changeset: db/changelog/changeset/01-create-user.xml::01-create-user-table::filip.cyboran
2024-12-20T18:37:03.833+01:00  INFO 17282 --- [CC3] [           main] liquibase.changelog                      : Table user created
2024-12-20T18:37:03.833+01:00  INFO 17282 --- [CC3] [           main] liquibase.changelog                      : ChangeSet db/changelog/changeset/01-create-user.xml::01-create-user-table::filip.cyboran ran successfully in 3ms
2024-12-20T18:37:03.837+01:00  INFO 17282 --- [CC3] [           main] liquibase.ui                             : Running Changeset: db/changelog/changeset/02-create-role.xml::02-create-role-table::filip.cyboran
2024-12-20T18:37:03.841+01:00  INFO 17282 --- [CC3] [           main] liquibase.changelog                      : Table role created
2024-12-20T18:37:03.841+01:00  INFO 17282 --- [CC3] [           main] liquibase.changelog                      : ChangeSet db/changelog/changeset/02-create-role.xml::02-create-role-table::filip.cyboran ran successfully in 3ms
2024-12-20T18:37:03.845+01:00  INFO 17282 --- [CC3] [           main] liquibase.ui                             : Running Changeset: db/changelog/changeset/03-create-user-role.xml::03-create-user-role::filip.cyboran
2024-12-20T18:37:03.848+01:00  INFO 17282 --- [CC3] [           main] liquibase.changelog                      : Table user_role created
2024-12-20T18:37:03.850+01:00  INFO 17282 --- [CC3] [           main] liquibase.changelog                      : Foreign key constraint added to user_role (user_id)
2024-12-20T18:37:03.853+01:00  INFO 17282 --- [CC3] [           main] liquibase.changelog                      : Foreign key constraint added to user_role (role_id)
2024-12-20T18:37:03.857+01:00  INFO 17282 --- [CC3] [           main] liquibase.changelog                      : Primary key added to user_role (user_id, role_id)
2024-12-20T18:37:03.857+01:00  INFO 17282 --- [CC3] [           main] liquibase.changelog                      : ChangeSet db/changelog/changeset/03-create-user-role.xml::03-create-user-role::filip.cyboran ran successfully in 11ms
2024-12-20T18:37:03.862+01:00  INFO 17282 --- [CC3] [           main] liquibase.ui                             : Running Changeset: db/changelog/changeset/04-insert-role.xml::04-insert-role::filip.cyboran
2024-12-20T18:37:03.864+01:00  INFO 17282 --- [CC3] [           main] liquibase.changelog                      : New row inserted into role
2024-12-20T18:37:03.865+01:00  INFO 17282 --- [CC3] [           main] liquibase.changelog                      : ChangeSet db/changelog/changeset/04-insert-role.xml::04-insert-role::filip.cyboran ran successfully in 3ms
2024-12-20T18:37:03.868+01:00  INFO 17282 --- [CC3] [           main] liquibase.ui                             : Running Changeset: db/changelog/changeset/05-insert-user.xml::05-insert-user::cyboran
2024-12-20T18:37:03.870+01:00  INFO 17282 --- [CC3] [           main] liquibase.changelog                      : New row inserted into user
2024-12-20T18:37:03.872+01:00  INFO 17282 --- [CC3] [           main] liquibase.changelog                      : New row inserted into user_role
2024-12-20T18:37:03.872+01:00  INFO 17282 --- [CC3] [           main] liquibase.changelog                      : ChangeSet db/changelog/changeset/05-insert-user.xml::05-insert-user::cyboran ran successfully in 4ms
2024-12-20T18:37:03.875+01:00  INFO 17282 --- [CC3] [           main] liquibase.ui                             : Running Changeset: db/changelog/changeset/06-create-item.xml::06-create-item-table::filip.cyboran
2024-12-20T18:37:03.879+01:00  INFO 17282 --- [CC3] [           main] liquibase.changelog                      : Table item created
2024-12-20T18:37:03.879+01:00  INFO 17282 --- [CC3] [           main] liquibase.changelog                      : ChangeSet db/changelog/changeset/06-create-item.xml::06-create-item-table::filip.cyboran ran successfully in 3ms
2024-12-20T18:37:03.884+01:00  INFO 17282 --- [CC3] [           main] liquibase.ui                             : Running Changeset: db/changelog/changeset/07-insert-item.xml::07-insert-items::filip.cyboran
2024-12-20T18:37:03.886+01:00  INFO 17282 --- [CC3] [           main] liquibase.changelog                      : New row inserted into item
2024-12-20T18:37:03.888+01:00  INFO 17282 --- [CC3] [           main] liquibase.changelog                      : New row inserted into item
2024-12-20T18:37:03.890+01:00  INFO 17282 --- [CC3] [           main] liquibase.changelog                      : New row inserted into item
2024-12-20T18:37:03.892+01:00  INFO 17282 --- [CC3] [           main] liquibase.changelog                      : New row inserted into item
2024-12-20T18:37:03.893+01:00  INFO 17282 --- [CC3] [           main] liquibase.changelog                      : ChangeSet db/changelog/changeset/07-insert-item.xml::07-insert-items::filip.cyboran ran successfully in 8ms
2024-12-20T18:37:03.896+01:00  INFO 17282 --- [CC3] [           main] liquibase.ui                             : Running Changeset: db/changelog/changeset/08-create-cart.xml::08-create-cart::filip.cyboran
2024-12-20T18:37:03.900+01:00  INFO 17282 --- [CC3] [           main] liquibase.changelog                      : Table cart created
2024-12-20T18:37:03.901+01:00  INFO 17282 --- [CC3] [           main] liquibase.changelog                      : ChangeSet db/changelog/changeset/08-create-cart.xml::08-create-cart::filip.cyboran ran successfully in 4ms
2024-12-20T18:37:03.905+01:00  INFO 17282 --- [CC3] [           main] liquibase.ui                             : Running Changeset: db/changelog/changeset/09-create-cart-item.xml::09-create-cart-item::filip.cyboran
2024-12-20T18:37:03.909+01:00  INFO 17282 --- [CC3] [           main] liquibase.changelog                      : Table cart_item created
2024-12-20T18:37:03.912+01:00  INFO 17282 --- [CC3] [           main] liquibase.changelog                      : Foreign key constraint added to cart_item (item_id)
2024-12-20T18:37:03.914+01:00  INFO 17282 --- [CC3] [           main] liquibase.changelog                      : Foreign key constraint added to cart_item (cart_id)
2024-12-20T18:37:03.914+01:00  INFO 17282 --- [CC3] [           main] liquibase.changelog                      : ChangeSet db/changelog/changeset/09-create-cart-item.xml::09-create-cart-item::filip.cyboran ran successfully in 9ms
2024-12-20T18:37:03.918+01:00  INFO 17282 --- [CC3] [           main] liquibase.ui                             : Running Changeset: db/changelog/changeset/10-create-receipt.xml::10-create-receipt::filip.cyboran
2024-12-20T18:37:03.921+01:00  INFO 17282 --- [CC3] [           main] liquibase.changelog                      : Table receipt created
2024-12-20T18:37:03.923+01:00  INFO 17282 --- [CC3] [           main] liquibase.changelog                      : Table receipt_purchased_items created
2024-12-20T18:37:03.926+01:00  INFO 17282 --- [CC3] [           main] liquibase.changelog                      : Foreign key constraint added to receipt_purchased_items (receipt_id)
2024-12-20T18:37:03.928+01:00  INFO 17282 --- [CC3] [           main] liquibase.changelog                      : Foreign key constraint added to receipt_purchased_items (cart_item_id)
2024-12-20T18:37:03.929+01:00  INFO 17282 --- [CC3] [           main] liquibase.changelog                      : ChangeSet db/changelog/changeset/10-create-receipt.xml::10-create-receipt::filip.cyboran ran successfully in 10ms
2024-12-20T18:37:03.932+01:00  INFO 17282 --- [CC3] [           main] liquibase.ui                             : Running Changeset: db/changelog/changeset/11-create-bundle-discount.xml::11-create-bundle-discount::filip.cyboran
2024-12-20T18:37:03.935+01:00  INFO 17282 --- [CC3] [           main] liquibase.changelog                      : Table bundle_discount created
2024-12-20T18:37:03.938+01:00  INFO 17282 --- [CC3] [           main] liquibase.changelog                      : Foreign key constraint added to bundle_discount (primary_item_id)
2024-12-20T18:37:03.940+01:00  INFO 17282 --- [CC3] [           main] liquibase.changelog                      : Foreign key constraint added to bundle_discount (bundled_item_id)
2024-12-20T18:37:03.940+01:00  INFO 17282 --- [CC3] [           main] liquibase.changelog                      : ChangeSet db/changelog/changeset/11-create-bundle-discount.xml::11-create-bundle-discount::filip.cyboran ran successfully in 8ms
2024-12-20T18:37:03.944+01:00  INFO 17282 --- [CC3] [           main] liquibase.ui                             : Running Changeset: db/changelog/changeset/12-insert-bundle-discount.xml::12-insert-bundle-discount::filip.cyboran
2024-12-20T18:37:03.946+01:00  INFO 17282 --- [CC3] [           main] liquibase.changelog                      : New row inserted into bundle_discount
2024-12-20T18:37:03.948+01:00  INFO 17282 --- [CC3] [           main] liquibase.changelog                      : New row inserted into bundle_discount
2024-12-20T18:37:03.948+01:00  INFO 17282 --- [CC3] [           main] liquibase.changelog                      : ChangeSet db/changelog/changeset/12-insert-bundle-discount.xml::12-insert-bundle-discount::filip.cyboran ran successfully in 4ms
2024-12-20T18:37:03.951+01:00  INFO 17282 --- [CC3] [           main] liquibase.ui                             : Running Changeset: db/changelog/changeset/13-add-cart-user-relation.xml::13-add-cart-user-relation::filip.cyboran
2024-12-20T18:37:03.956+01:00  INFO 17282 --- [CC3] [           main] liquibase.changelog                      : Columns user_id(BIGINT) added to cart
2024-12-20T18:37:03.958+01:00  INFO 17282 --- [CC3] [           main] liquibase.changelog                      : Foreign key constraint added to cart (user_id)
2024-12-20T18:37:03.960+01:00  INFO 17282 --- [CC3] [           main] liquibase.changelog                      : Unique constraint added to cart(user_id)
2024-12-20T18:37:03.960+01:00  INFO 17282 --- [CC3] [           main] liquibase.changelog                      : ChangeSet db/changelog/changeset/13-add-cart-user-relation.xml::13-add-cart-user-relation::filip.cyboran ran successfully in 9ms
2024-12-20T18:37:03.962+01:00  INFO 17282 --- [CC3] [           main] liquibase.util                           : UPDATE SUMMARY
2024-12-20T18:37:03.963+01:00  INFO 17282 --- [CC3] [           main] liquibase.util                           : Run:                         13
2024-12-20T18:37:03.963+01:00  INFO 17282 --- [CC3] [           main] liquibase.util                           : Previously run:               0
2024-12-20T18:37:03.963+01:00  INFO 17282 --- [CC3] [           main] liquibase.util                           : Filtered out:                 0
2024-12-20T18:37:03.963+01:00  INFO 17282 --- [CC3] [           main] liquibase.util                           : -------------------------------
2024-12-20T18:37:03.963+01:00  INFO 17282 --- [CC3] [           main] liquibase.util                           : Total change sets:           13
2024-12-20T18:37:03.963+01:00  INFO 17282 --- [CC3] [           main] liquibase.util                           : Update summary generated
2024-12-20T18:37:03.964+01:00  INFO 17282 --- [CC3] [           main] liquibase.command                        : Update command completed successfully.
2024-12-20T18:37:03.964+01:00  INFO 17282 --- [CC3] [           main] liquibase.ui                             : Liquibase: Update has been successful. Rows affected: 22
2024-12-20T18:37:03.965+01:00  INFO 17282 --- [CC3] [           main] liquibase.lockservice                    : Successfully released change log lock
2024-12-20T18:37:03.966+01:00  INFO 17282 --- [CC3] [           main] liquibase.command                        : Command execution complete
2024-12-20T18:37:03.989+01:00  INFO 17282 --- [CC3] [           main] o.hibernate.jpa.internal.util.LogHelper  : HHH000204: Processing PersistenceUnitInfo [name: default]
2024-12-20T18:37:03.993+01:00  INFO 17282 --- [CC3] [           main] o.h.c.internal.RegionFactoryInitiator    : HHH000026: Second-level cache disabled
2024-12-20T18:37:04.003+01:00  INFO 17282 --- [CC3] [           main] o.s.o.j.p.SpringPersistenceUnitInfo      : No LoadTimeWeaver setup: ignoring JPA class transformer
2024-12-20T18:37:04.005+01:00  WARN 17282 --- [CC3] [           main] org.hibernate.orm.deprecation            : HHH90000025: H2Dialect does not need to be specified explicitly using 'hibernate.dialect' (remove the property setting and it will be selected by default)
2024-12-20T18:37:04.006+01:00  INFO 17282 --- [CC3] [           main] org.hibernate.orm.connections.pooling    : HHH10001005: Database info:
	Database JDBC URL [Connecting through datasource 'org.springframework.jdbc.datasource.embedded.EmbeddedDatabaseFactory$EmbeddedDataSourceProxy@63369b91']
	Database driver: undefined/unknown
	Database version: 2.3.232
	Autocommit mode: undefined/unknown
	Isolation level: undefined/unknown
	Minimum pool size: undefined/unknown
	Maximum pool size: undefined/unknown
2024-12-20T18:37:04.199+01:00  INFO 17282 --- [CC3] [           main] o.h.e.t.j.p.i.JtaPlatformInitiator       : HHH000489: No JTA platform available (set 'hibernate.transaction.jta.platform' to enable JTA platform integration)
2024-12-20T18:37:04.200+01:00 DEBUG 17282 --- [CC3] [           main] org.hibernate.SQL                        : drop table if exists bundle_discount cascade 
Hibernate: drop table if exists bundle_discount cascade 
2024-12-20T18:37:04.201+01:00 DEBUG 17282 --- [CC3] [           main] org.hibernate.SQL                        : drop table if exists cart cascade 
Hibernate: drop table if exists cart cascade 
2024-12-20T18:37:04.202+01:00 DEBUG 17282 --- [CC3] [           main] org.hibernate.SQL                        : drop table if exists cart_item cascade 
Hibernate: drop table if exists cart_item cascade 
2024-12-20T18:37:04.202+01:00 DEBUG 17282 --- [CC3] [           main] org.hibernate.SQL                        : drop table if exists item cascade 
Hibernate: drop table if exists item cascade 
2024-12-20T18:37:04.203+01:00 DEBUG 17282 --- [CC3] [           main] org.hibernate.SQL                        : drop table if exists receipt cascade 
Hibernate: drop table if exists receipt cascade 
2024-12-20T18:37:04.203+01:00 DEBUG 17282 --- [CC3] [           main] org.hibernate.SQL                        : drop table if exists receipt_purchased_items cascade 
Hibernate: drop table if exists receipt_purchased_items cascade 
2024-12-20T18:37:04.204+01:00 DEBUG 17282 --- [CC3] [           main] org.hibernate.SQL                        : drop table if exists role cascade 
Hibernate: drop table if exists role cascade 
2024-12-20T18:37:04.204+01:00 DEBUG 17282 --- [CC3] [           main] org.hibernate.SQL                        : drop table if exists "user" cascade 
Hibernate: drop table if exists "user" cascade 
2024-12-20T18:37:04.204+01:00 DEBUG 17282 --- [CC3] [           main] org.hibernate.SQL                        : drop table if exists user_role cascade 
Hibernate: drop table if exists user_role cascade 
2024-12-20T18:37:04.205+01:00 DEBUG 17282 --- [CC3] [           main] org.hibernate.SQL                        : create table bundle_discount (discount DECIMAL(10, 2), bundled_item_id bigint not null, id bigint generated by default as identity, primary_item_id bigint not null, primary key (id))
Hibernate: create table bundle_discount (discount DECIMAL(10, 2), bundled_item_id bigint not null, id bigint generated by default as identity, primary_item_id bigint not null, primary key (id))
2024-12-20T18:37:04.206+01:00 DEBUG 17282 --- [CC3] [           main] org.hibernate.SQL                        : create table cart (sum_of_discount DECIMAL(10, 2) not null, total_bundle_discount DECIMAL(10, 2) not null, total_bundle_promo_quantity integer not null, total_price_with_discounts DECIMAL(10, 2) not null, total_price_without_discounts DECIMAL(10, 2) not null, id bigint generated by default as identity, user_id bigint not null unique, primary key (id))
Hibernate: create table cart (sum_of_discount DECIMAL(10, 2) not null, total_bundle_discount DECIMAL(10, 2) not null, total_bundle_promo_quantity integer not null, total_price_with_discounts DECIMAL(10, 2) not null, total_price_without_discounts DECIMAL(10, 2) not null, id bigint generated by default as identity, user_id bigint not null unique, primary key (id))
2024-12-20T18:37:04.207+01:00 DEBUG 17282 --- [CC3] [           main] org.hibernate.SQL                        : create table cart_item (quantity integer not null, quantity_normal_price integer not null, quantity_special_price integer not null, single_normal_price DECIMAL(10, 2) not null, single_special_price DECIMAL(10, 2) not null, cart_id bigint, id bigint generated by default as identity, item_id bigint not null, primary key (id))
Hibernate: create table cart_item (quantity integer not null, quantity_normal_price integer not null, quantity_special_price integer not null, single_normal_price DECIMAL(10, 2) not null, single_special_price DECIMAL(10, 2) not null, cart_id bigint, id bigint generated by default as identity, item_id bigint not null, primary key (id))
2024-12-20T18:37:04.208+01:00 DEBUG 17282 --- [CC3] [           main] org.hibernate.SQL                        : create table item (normal_price DECIMAL(10, 2), required_quantity_for_special_price integer not null, special_price DECIMAL(10, 2), id bigint generated by default as identity, name varchar(255), primary key (id))
Hibernate: create table item (normal_price DECIMAL(10, 2), required_quantity_for_special_price integer not null, special_price DECIMAL(10, 2), id bigint generated by default as identity, name varchar(255), primary key (id))
2024-12-20T18:37:04.209+01:00 DEBUG 17282 --- [CC3] [           main] org.hibernate.SQL                        : create table receipt (total_amount DECIMAL(10, 2) not null, id bigint generated by default as identity, issued_at varchar(255) not null, primary key (id))
Hibernate: create table receipt (total_amount DECIMAL(10, 2) not null, id bigint generated by default as identity, issued_at varchar(255) not null, primary key (id))
2024-12-20T18:37:04.210+01:00 DEBUG 17282 --- [CC3] [           main] org.hibernate.SQL                        : create table receipt_purchased_items (cart_item_id bigint not null unique, receipt_id bigint not null)
Hibernate: create table receipt_purchased_items (cart_item_id bigint not null unique, receipt_id bigint not null)
2024-12-20T18:37:04.215+01:00 DEBUG 17282 --- [CC3] [           main] org.hibernate.SQL                        : create table role (id bigint generated by default as identity, name varchar(255), primary key (id))
Hibernate: create table role (id bigint generated by default as identity, name varchar(255), primary key (id))
2024-12-20T18:37:04.216+01:00 DEBUG 17282 --- [CC3] [           main] org.hibernate.SQL                        : create table "user" (id bigint generated by default as identity, login varchar(255), password varchar(255), primary key (id))
Hibernate: create table "user" (id bigint generated by default as identity, login varchar(255), password varchar(255), primary key (id))
2024-12-20T18:37:04.217+01:00 DEBUG 17282 --- [CC3] [           main] org.hibernate.SQL                        : create table user_role (role_id bigint not null, user_id bigint not null, primary key (role_id, user_id))
Hibernate: create table user_role (role_id bigint not null, user_id bigint not null, primary key (role_id, user_id))
2024-12-20T18:37:04.218+01:00 DEBUG 17282 --- [CC3] [           main] org.hibernate.SQL                        : alter table if exists bundle_discount add constraint FKapfvylud3uidapf8nkhsnqvmt foreign key (bundled_item_id) references item
Hibernate: alter table if exists bundle_discount add constraint FKapfvylud3uidapf8nkhsnqvmt foreign key (bundled_item_id) references item
2024-12-20T18:37:04.219+01:00 DEBUG 17282 --- [CC3] [           main] org.hibernate.SQL                        : alter table if exists bundle_discount add constraint FK24o5rr54km66w5270ngsug1v2 foreign key (primary_item_id) references item
Hibernate: alter table if exists bundle_discount add constraint FK24o5rr54km66w5270ngsug1v2 foreign key (primary_item_id) references item
2024-12-20T18:37:04.220+01:00 DEBUG 17282 --- [CC3] [           main] org.hibernate.SQL                        : alter table if exists cart add constraint FKaf0wt8hgkk8v5rfpwdwq7se0t foreign key (user_id) references "user"
Hibernate: alter table if exists cart add constraint FKaf0wt8hgkk8v5rfpwdwq7se0t foreign key (user_id) references "user"
2024-12-20T18:37:04.221+01:00 DEBUG 17282 --- [CC3] [           main] org.hibernate.SQL                        : alter table if exists cart_item add constraint FK1uobyhgl1wvgt1jpccia8xxs3 foreign key (cart_id) references cart
Hibernate: alter table if exists cart_item add constraint FK1uobyhgl1wvgt1jpccia8xxs3 foreign key (cart_id) references cart
2024-12-20T18:37:04.222+01:00 DEBUG 17282 --- [CC3] [           main] org.hibernate.SQL                        : alter table if exists cart_item add constraint FKdljf497fwm1f8eb1h8t6n50u9 foreign key (item_id) references item
Hibernate: alter table if exists cart_item add constraint FKdljf497fwm1f8eb1h8t6n50u9 foreign key (item_id) references item
2024-12-20T18:37:04.223+01:00 DEBUG 17282 --- [CC3] [           main] org.hibernate.SQL                        : alter table if exists receipt_purchased_items add constraint FKdsw6k4p9tm7gkq71oviedo8yh foreign key (cart_item_id) references cart_item
Hibernate: alter table if exists receipt_purchased_items add constraint FKdsw6k4p9tm7gkq71oviedo8yh foreign key (cart_item_id) references cart_item
2024-12-20T18:37:04.224+01:00 DEBUG 17282 --- [CC3] [           main] org.hibernate.SQL                        : alter table if exists receipt_purchased_items add constraint FKpoyep07ohxn712tib7tb1xuyi foreign key (receipt_id) references receipt
Hibernate: alter table if exists receipt_purchased_items add constraint FKpoyep07ohxn712tib7tb1xuyi foreign key (receipt_id) references receipt
2024-12-20T18:37:04.225+01:00 DEBUG 17282 --- [CC3] [           main] org.hibernate.SQL                        : alter table if exists user_role add constraint FKa68196081fvovjhkek5m97n3y foreign key (role_id) references role
Hibernate: alter table if exists user_role add constraint FKa68196081fvovjhkek5m97n3y foreign key (role_id) references role
2024-12-20T18:37:04.226+01:00 DEBUG 17282 --- [CC3] [           main] org.hibernate.SQL                        : alter table if exists user_role add constraint FKfgsgxvihks805qcq8sq26ab7c foreign key (user_id) references "user"
Hibernate: alter table if exists user_role add constraint FKfgsgxvihks805qcq8sq26ab7c foreign key (user_id) references "user"
2024-12-20T18:37:04.228+01:00  INFO 17282 --- [CC3] [           main] j.LocalContainerEntityManagerFactoryBean : Initialized JPA EntityManagerFactory for persistence unit 'default'
2024-12-20T18:37:04.340+01:00  INFO 17282 --- [CC3] [           main] c.c.c.i.repository.UserRepositoryTest    : Started UserRepositoryTest in 1.099 seconds (process running for 10.629)
2024-12-20T18:37:04.352+01:00 DEBUG 17282 --- [CC3] [           main] org.hibernate.SQL                        : insert into "user" (login,password,id) values (?,?,default)
Hibernate: insert into "user" (login,password,id) values (?,?,default)
2024-12-20T18:37:04.356+01:00 DEBUG 17282 --- [CC3] [           main] org.hibernate.SQL                        : select u1_0.id,u1_0.login,u1_0.password from "user" u1_0 where u1_0.login=?
Hibernate: select u1_0.id,u1_0.login,u1_0.password from "user" u1_0 where u1_0.login=?
]]></system-out>
  </testcase>
</testsuite>