<?xml version="1.0" encoding="UTF-8"?>
<testsuite xmlns:xsi="http://www.w3.org/2001/XMLSchema-instance" xsi:noNamespaceSchemaLocation="https://maven.apache.org/surefire/maven-surefire-plugin/xsd/surefire-test-report.xsd" version="3.0.2" name="com.component.checkout.AcceptanceTests" time="0.554" tests="1" errors="0" skipped="0" failures="0">
  <properties>
[...]
</properties>
  <testcase name="fullWorkflowTest" classname="com.component.checkout.AcceptanceTests" time="0.542">
    <system-out><![CDATA[2024-12-20T18:37:01.845+01:00  INFO 17282 --- [CC3] [           main] t.c.s.AnnotationConfigContextLoaderUtils : Could not detect default configuration classes for test class [com.component.checkout.AcceptanceTests]: AcceptanceTests does not declare any static, non-private, non-final, nested classes annotated with @Configuration.
2024-12-20T18:37:01.852+01:00  INFO 17282 --- [CC3] [           main] .b.t.c.SpringBootTestContextBootstrapper : Found @SpringBootConfiguration com.component.checkout.Cc3Application for test class com.component.checkout.AcceptanceTests
2024-12-20T18:37:01.859+01:00 DEBUG 17282 --- [CC3] [           main] org.hibernate.SQL                        : select r1_0.id,r1_0.name from role r1_0 where r1_0.name=?
Hibernate: select r1_0.id,r1_0.name from role r1_0 where r1_0.name=?
2024-12-20T18:37:02.050+01:00 DEBUG 17282 --- [CC3] [           main] org.hibernate.SQL                        : select count(*) from item i1_0
Hibernate: select count(*) from item i1_0
2024-12-20T18:37:02.051+01:00 DEBUG 17282 --- [CC3] [           main] org.hibernate.SQL                        : insert into item (name,normal_price,required_quantity_for_special_price,special_price,id) values (?,?,?,?,default)
Hibernate: insert into item (name,normal_price,required_quantity_for_special_price,special_price,id) values (?,?,?,?,default)
2024-12-20T18:37:02.053+01:00 DEBUG 17282 --- [CC3] [           main] org.hibernate.SQL                        : insert into item (name,normal_price,required_quantity_for_special_price,special_price,id) values (?,?,?,?,default)
Hibernate: insert into item (name,normal_price,required_quantity_for_special_price,special_price,id) values (?,?,?,?,default)
2024-12-20T18:37:02.054+01:00 DEBUG 17282 --- [CC3] [           main] org.hibernate.SQL                        : insert into item (name,normal_price,required_quantity_for_special_price,special_price,id) values (?,?,?,?,default)
Hibernate: insert into item (name,normal_price,required_quantity_for_special_price,special_price,id) values (?,?,?,?,default)
2024-12-20T18:37:02.056+01:00 DEBUG 17282 --- [CC3] [           main] org.hibernate.SQL                        : insert into item (name,normal_price,required_quantity_for_special_price,special_price,id) values (?,?,?,?,default)
Hibernate: insert into item (name,normal_price,required_quantity_for_special_price,special_price,id) values (?,?,?,?,default)
2024-12-20T18:37:02.060+01:00  INFO 17282 --- [CC3] [o-auto-1-exec-7] c.c.c.i.security.SecurityConfiguration   : Creating CORS configuration
2024-12-20T18:37:02.061+01:00  INFO 17282 --- [CC3] [o-auto-1-exec-7] c.c.c.p.controller.AuthController        : Received request to register new client with login: filip.2
2024-12-20T18:37:02.062+01:00 DEBUG 17282 --- [CC3] [o-auto-1-exec-7] org.hibernate.SQL                        : select u1_0.id from "user" u1_0 where u1_0.login=? fetch first ? rows only
Hibernate: select u1_0.id from "user" u1_0 where u1_0.login=? fetch first ? rows only
2024-12-20T18:37:02.064+01:00 DEBUG 17282 --- [CC3] [o-auto-1-exec-7] org.hibernate.SQL                        : select r1_0.id,r1_0.name from role r1_0 where r1_0.name=?
Hibernate: select r1_0.id,r1_0.name from role r1_0 where r1_0.name=?
2024-12-20T18:37:02.147+01:00 DEBUG 17282 --- [CC3] [o-auto-1-exec-7] org.hibernate.SQL                        : insert into "user" (login,password,id) values (?,?,default)
Hibernate: insert into "user" (login,password,id) values (?,?,default)
2024-12-20T18:37:02.148+01:00  INFO 17282 --- [CC3] [o-auto-1-exec-7] c.c.checkout.service.UserService         : User registered successfully with login: filip.2
2024-12-20T18:37:02.148+01:00 DEBUG 17282 --- [CC3] [o-auto-1-exec-7] org.hibernate.SQL                        : insert into user_role (user_id,role_id) values (?,?)
Hibernate: insert into user_role (user_id,role_id) values (?,?)
2024-12-20T18:37:02.158+01:00  INFO 17282 --- [CC3] [o-auto-1-exec-8] c.c.c.i.security.SecurityConfiguration   : Creating CORS configuration
2024-12-20T18:37:02.159+01:00  INFO 17282 --- [CC3] [o-auto-1-exec-8] c.c.c.p.controller.AuthController        : Received request to bring cart for user login: filip.2
2024-12-20T18:37:02.161+01:00 DEBUG 17282 --- [CC3] [o-auto-1-exec-8] org.hibernate.SQL                        : select u1_0.id,u1_0.login,u1_0.password from "user" u1_0 where u1_0.login=?
Hibernate: select u1_0.id,u1_0.login,u1_0.password from "user" u1_0 where u1_0.login=?
2024-12-20T18:37:02.163+01:00 DEBUG 17282 --- [CC3] [o-auto-1-exec-8] org.hibernate.SQL                        : select c1_0.id,c1_0.sum_of_discount,c1_0.total_bundle_discount,c1_0.total_bundle_promo_quantity,c1_0.total_price_with_discounts,c1_0.total_price_without_discounts,c1_0.user_id,u1_0.id,u1_0.login,u1_0.password,r1_0.user_id,r1_1.id,r1_1.name from cart c1_0 join "user" u1_0 on u1_0.id=c1_0.user_id left join user_role r1_0 on u1_0.id=r1_0.user_id left join role r1_1 on r1_1.id=r1_0.role_id where c1_0.user_id=?
Hibernate: select c1_0.id,c1_0.sum_of_discount,c1_0.total_bundle_discount,c1_0.total_bundle_promo_quantity,c1_0.total_price_with_discounts,c1_0.total_price_without_discounts,c1_0.user_id,u1_0.id,u1_0.login,u1_0.password,r1_0.user_id,r1_1.id,r1_1.name from cart c1_0 join "user" u1_0 on u1_0.id=c1_0.user_id left join user_role r1_0 on u1_0.id=r1_0.user_id left join role r1_1 on r1_1.id=r1_0.role_id where c1_0.user_id=?
2024-12-20T18:37:02.165+01:00 DEBUG 17282 --- [CC3] [o-auto-1-exec-8] org.hibernate.SQL                        : select r1_0.user_id,r1_1.id,r1_1.name from user_role r1_0 join role r1_1 on r1_1.id=r1_0.role_id where r1_0.user_id=?
Hibernate: select r1_0.user_id,r1_1.id,r1_1.name from user_role r1_0 join role r1_1 on r1_1.id=r1_0.role_id where r1_0.user_id=?
2024-12-20T18:37:02.243+01:00 DEBUG 17282 --- [CC3] [o-auto-1-exec-8] org.hibernate.SQL                        : select u1_0.id,u1_0.login,u1_0.password from "user" u1_0 where u1_0.login=?
Hibernate: select u1_0.id,u1_0.login,u1_0.password from "user" u1_0 where u1_0.login=?
2024-12-20T18:37:02.244+01:00  INFO 17282 --- [CC3] [o-auto-1-exec-8] c.c.checkout.service.UserService         : No cart found for user filip.2. Creating a new one.
2024-12-20T18:37:02.244+01:00 DEBUG 17282 --- [CC3] [o-auto-1-exec-8] org.hibernate.SQL                        : insert into cart (sum_of_discount,total_bundle_discount,total_bundle_promo_quantity,total_price_with_discounts,total_price_without_discounts,user_id,id) values (?,?,?,?,?,?,default)
Hibernate: insert into cart (sum_of_discount,total_bundle_discount,total_bundle_promo_quantity,total_price_with_discounts,total_price_without_discounts,user_id,id) values (?,?,?,?,?,?,default)
2024-12-20T18:37:02.245+01:00  INFO 17282 --- [CC3] [o-auto-1-exec-8] c.c.checkout.service.UserService         : User filip.2 logged in successfully
2024-12-20T18:37:02.264+01:00  INFO 17282 --- [CC3] [o-auto-1-exec-9] c.c.c.i.security.SecurityConfiguration   : Creating CORS configuration
2024-12-20T18:37:02.279+01:00 DEBUG 17282 --- [CC3] [o-auto-1-exec-9] org.hibernate.SQL                        : select u1_0.id,u1_0.login,u1_0.password from "user" u1_0 where u1_0.login=?
Hibernate: select u1_0.id,u1_0.login,u1_0.password from "user" u1_0 where u1_0.login=?
2024-12-20T18:37:02.279+01:00 DEBUG 17282 --- [CC3] [o-auto-1-exec-9] org.hibernate.SQL                        : select c1_0.id,c1_0.sum_of_discount,c1_0.total_bundle_discount,c1_0.total_bundle_promo_quantity,c1_0.total_price_with_discounts,c1_0.total_price_without_discounts,c1_0.user_id,u1_0.id,u1_0.login,u1_0.password,r1_0.user_id,r1_1.id,r1_1.name from cart c1_0 join "user" u1_0 on u1_0.id=c1_0.user_id left join user_role r1_0 on u1_0.id=r1_0.user_id left join role r1_1 on r1_1.id=r1_0.role_id where c1_0.user_id=?
Hibernate: select c1_0.id,c1_0.sum_of_discount,c1_0.total_bundle_discount,c1_0.total_bundle_promo_quantity,c1_0.total_price_with_discounts,c1_0.total_price_without_discounts,c1_0.user_id,u1_0.id,u1_0.login,u1_0.password,r1_0.user_id,r1_1.id,r1_1.name from cart c1_0 join "user" u1_0 on u1_0.id=c1_0.user_id left join user_role r1_0 on u1_0.id=r1_0.user_id left join role r1_1 on r1_1.id=r1_0.role_id where c1_0.user_id=?
2024-12-20T18:37:02.287+01:00  INFO 17282 --- [CC3] [o-auto-1-exec-9] c.c.c.p.controller.CartController        : Received request to add itemId=2 with quantity=5 to cart.
2024-12-20T18:37:02.288+01:00  INFO 17282 --- [CC3] [o-auto-1-exec-9] c.c.checkout.service.CartService         : Attempting to add 5 of itemId 2 to the client's cart.
2024-12-20T18:37:02.291+01:00 DEBUG 17282 --- [CC3] [o-auto-1-exec-9] org.hibernate.SQL                        : select u1_0.id,u1_0.login,u1_0.password from "user" u1_0 where u1_0.login=?
Hibernate: select u1_0.id,u1_0.login,u1_0.password from "user" u1_0 where u1_0.login=?
2024-12-20T18:37:02.291+01:00 DEBUG 17282 --- [CC3] [o-auto-1-exec-9] org.hibernate.SQL                        : select c1_0.id,c1_0.sum_of_discount,c1_0.total_bundle_discount,c1_0.total_bundle_promo_quantity,c1_0.total_price_with_discounts,c1_0.total_price_without_discounts,c1_0.user_id,u1_0.id,u1_0.login,u1_0.password,r1_0.user_id,r1_1.id,r1_1.name from cart c1_0 join "user" u1_0 on u1_0.id=c1_0.user_id left join user_role r1_0 on u1_0.id=r1_0.user_id left join role r1_1 on r1_1.id=r1_0.role_id where c1_0.user_id=?
Hibernate: select c1_0.id,c1_0.sum_of_discount,c1_0.total_bundle_discount,c1_0.total_bundle_promo_quantity,c1_0.total_price_with_discounts,c1_0.total_price_without_discounts,c1_0.user_id,u1_0.id,u1_0.login,u1_0.password,r1_0.user_id,r1_1.id,r1_1.name from cart c1_0 join "user" u1_0 on u1_0.id=c1_0.user_id left join user_role r1_0 on u1_0.id=r1_0.user_id left join role r1_1 on r1_1.id=r1_0.role_id where c1_0.user_id=?
2024-12-20T18:37:02.296+01:00 DEBUG 17282 --- [CC3] [o-auto-1-exec-9] org.hibernate.SQL                        : select i1_0.id,i1_0.name,i1_0.normal_price,i1_0.required_quantity_for_special_price,i1_0.special_price from item i1_0 where i1_0.id=?
Hibernate: select i1_0.id,i1_0.name,i1_0.normal_price,i1_0.required_quantity_for_special_price,i1_0.special_price from item i1_0 where i1_0.id=?
2024-12-20T18:37:02.298+01:00 DEBUG 17282 --- [CC3] [o-auto-1-exec-9] org.hibernate.SQL                        : select ci1_0.cart_id,ci1_0.id,ci1_0.item_id,i1_0.id,i1_0.name,i1_0.normal_price,i1_0.required_quantity_for_special_price,i1_0.special_price,ci1_0.quantity,ci1_0.quantity_normal_price,ci1_0.quantity_special_price,ci1_0.single_normal_price,ci1_0.single_special_price from cart_item ci1_0 left join item i1_0 on i1_0.id=ci1_0.item_id where ci1_0.cart_id=?
Hibernate: select ci1_0.cart_id,ci1_0.id,ci1_0.item_id,i1_0.id,i1_0.name,i1_0.normal_price,i1_0.required_quantity_for_special_price,i1_0.special_price,ci1_0.quantity,ci1_0.quantity_normal_price,ci1_0.quantity_special_price,ci1_0.single_normal_price,ci1_0.single_special_price from cart_item ci1_0 left join item i1_0 on i1_0.id=ci1_0.item_id where ci1_0.cart_id=?
2024-12-20T18:37:02.300+01:00  INFO 17282 --- [CC3] [o-auto-1-exec-9] c.c.checkout.service.CartService         : Recalculating cart totals.
2024-12-20T18:37:02.301+01:00 DEBUG 17282 --- [CC3] [o-auto-1-exec-9] org.hibernate.SQL                        : select bd1_0.primary_item_id,bd1_0.id,bd1_0.bundled_item_id,bi1_0.id,bi1_0.name,bi1_0.normal_price,bi1_0.required_quantity_for_special_price,bi1_0.special_price,bd1_0.discount from bundle_discount bd1_0 left join item bi1_0 on bi1_0.id=bd1_0.bundled_item_id where bd1_0.primary_item_id=?
Hibernate: select bd1_0.primary_item_id,bd1_0.id,bd1_0.bundled_item_id,bi1_0.id,bi1_0.name,bi1_0.normal_price,bi1_0.required_quantity_for_special_price,bi1_0.special_price,bd1_0.discount from bundle_discount bd1_0 left join item bi1_0 on bi1_0.id=bd1_0.bundled_item_id where bd1_0.primary_item_id=?
2024-12-20T18:37:02.305+01:00 DEBUG 17282 --- [CC3] [o-auto-1-exec-9] org.hibernate.SQL                        : insert into cart_item (cart_id,item_id,quantity,quantity_normal_price,quantity_special_price,single_normal_price,single_special_price,id) values (?,?,?,?,?,?,?,default)
Hibernate: insert into cart_item (cart_id,item_id,quantity,quantity_normal_price,quantity_special_price,single_normal_price,single_special_price,id) values (?,?,?,?,?,?,?,default)
2024-12-20T18:37:02.307+01:00  INFO 17282 --- [CC3] [o-auto-1-exec-9] c.c.checkout.service.CartService         : Item(s) added successfully to the cart for user: filip.2
2024-12-20T18:37:02.312+01:00 DEBUG 17282 --- [CC3] [o-auto-1-exec-9] org.hibernate.SQL                        : update cart set sum_of_discount=?,total_bundle_discount=?,total_bundle_promo_quantity=?,total_price_with_discounts=?,total_price_without_discounts=?,user_id=? where id=?
Hibernate: update cart set sum_of_discount=?,total_bundle_discount=?,total_bundle_promo_quantity=?,total_price_with_discounts=?,total_price_without_discounts=?,user_id=? where id=?
2024-12-20T18:37:02.333+01:00  INFO 17282 --- [CC3] [-auto-1-exec-10] c.c.c.i.security.SecurityConfiguration   : Creating CORS configuration
2024-12-20T18:37:02.339+01:00 DEBUG 17282 --- [CC3] [-auto-1-exec-10] org.hibernate.SQL                        : select u1_0.id,u1_0.login,u1_0.password from "user" u1_0 where u1_0.login=?
Hibernate: select u1_0.id,u1_0.login,u1_0.password from "user" u1_0 where u1_0.login=?
2024-12-20T18:37:02.340+01:00 DEBUG 17282 --- [CC3] [-auto-1-exec-10] org.hibernate.SQL                        : select c1_0.id,c1_0.sum_of_discount,c1_0.total_bundle_discount,c1_0.total_bundle_promo_quantity,c1_0.total_price_with_discounts,c1_0.total_price_without_discounts,c1_0.user_id,u1_0.id,u1_0.login,u1_0.password,r1_0.user_id,r1_1.id,r1_1.name from cart c1_0 join "user" u1_0 on u1_0.id=c1_0.user_id left join user_role r1_0 on u1_0.id=r1_0.user_id left join role r1_1 on r1_1.id=r1_0.role_id where c1_0.user_id=?
Hibernate: select c1_0.id,c1_0.sum_of_discount,c1_0.total_bundle_discount,c1_0.total_bundle_promo_quantity,c1_0.total_price_with_discounts,c1_0.total_price_without_discounts,c1_0.user_id,u1_0.id,u1_0.login,u1_0.password,r1_0.user_id,r1_1.id,r1_1.name from cart c1_0 join "user" u1_0 on u1_0.id=c1_0.user_id left join user_role r1_0 on u1_0.id=r1_0.user_id left join role r1_1 on r1_1.id=r1_0.role_id where c1_0.user_id=?
2024-12-20T18:37:02.343+01:00  INFO 17282 --- [CC3] [-auto-1-exec-10] c.c.c.p.controller.CartController        : Received request to add itemId=2 with quantity=5 to cart.
2024-12-20T18:37:02.343+01:00  INFO 17282 --- [CC3] [-auto-1-exec-10] c.c.checkout.service.CartService         : Attempting to add 5 of itemId 2 to the client's cart.
2024-12-20T18:37:02.347+01:00 DEBUG 17282 --- [CC3] [-auto-1-exec-10] org.hibernate.SQL                        : select u1_0.id,u1_0.login,u1_0.password from "user" u1_0 where u1_0.login=?
Hibernate: select u1_0.id,u1_0.login,u1_0.password from "user" u1_0 where u1_0.login=?
2024-12-20T18:37:02.347+01:00 DEBUG 17282 --- [CC3] [-auto-1-exec-10] org.hibernate.SQL                        : select c1_0.id,c1_0.sum_of_discount,c1_0.total_bundle_discount,c1_0.total_bundle_promo_quantity,c1_0.total_price_with_discounts,c1_0.total_price_without_discounts,c1_0.user_id,u1_0.id,u1_0.login,u1_0.password,r1_0.user_id,r1_1.id,r1_1.name from cart c1_0 join "user" u1_0 on u1_0.id=c1_0.user_id left join user_role r1_0 on u1_0.id=r1_0.user_id left join role r1_1 on r1_1.id=r1_0.role_id where c1_0.user_id=?
Hibernate: select c1_0.id,c1_0.sum_of_discount,c1_0.total_bundle_discount,c1_0.total_bundle_promo_quantity,c1_0.total_price_with_discounts,c1_0.total_price_without_discounts,c1_0.user_id,u1_0.id,u1_0.login,u1_0.password,r1_0.user_id,r1_1.id,r1_1.name from cart c1_0 join "user" u1_0 on u1_0.id=c1_0.user_id left join user_role r1_0 on u1_0.id=r1_0.user_id left join role r1_1 on r1_1.id=r1_0.role_id where c1_0.user_id=?
2024-12-20T18:37:02.348+01:00 DEBUG 17282 --- [CC3] [-auto-1-exec-10] org.hibernate.SQL                        : select i1_0.id,i1_0.name,i1_0.normal_price,i1_0.required_quantity_for_special_price,i1_0.special_price from item i1_0 where i1_0.id=?
Hibernate: select i1_0.id,i1_0.name,i1_0.normal_price,i1_0.required_quantity_for_special_price,i1_0.special_price from item i1_0 where i1_0.id=?
2024-12-20T18:37:02.349+01:00 DEBUG 17282 --- [CC3] [-auto-1-exec-10] org.hibernate.SQL                        : select ci1_0.cart_id,ci1_0.id,ci1_0.item_id,i1_0.id,i1_0.name,i1_0.normal_price,i1_0.required_quantity_for_special_price,i1_0.special_price,ci1_0.quantity,ci1_0.quantity_normal_price,ci1_0.quantity_special_price,ci1_0.single_normal_price,ci1_0.single_special_price from cart_item ci1_0 left join item i1_0 on i1_0.id=ci1_0.item_id where ci1_0.cart_id=?
Hibernate: select ci1_0.cart_id,ci1_0.id,ci1_0.item_id,i1_0.id,i1_0.name,i1_0.normal_price,i1_0.required_quantity_for_special_price,i1_0.special_price,ci1_0.quantity,ci1_0.quantity_normal_price,ci1_0.quantity_special_price,ci1_0.single_normal_price,ci1_0.single_special_price from cart_item ci1_0 left join item i1_0 on i1_0.id=ci1_0.item_id where ci1_0.cart_id=?
2024-12-20T18:37:02.349+01:00  INFO 17282 --- [CC3] [-auto-1-exec-10] c.c.checkout.service.CartService         : Recalculating cart totals.
2024-12-20T18:37:02.350+01:00 DEBUG 17282 --- [CC3] [-auto-1-exec-10] org.hibernate.SQL                        : select bd1_0.primary_item_id,bd1_0.id,bd1_0.bundled_item_id,bi1_0.id,bi1_0.name,bi1_0.normal_price,bi1_0.required_quantity_for_special_price,bi1_0.special_price,bd1_0.discount from bundle_discount bd1_0 left join item bi1_0 on bi1_0.id=bd1_0.bundled_item_id where bd1_0.primary_item_id=?
Hibernate: select bd1_0.primary_item_id,bd1_0.id,bd1_0.bundled_item_id,bi1_0.id,bi1_0.name,bi1_0.normal_price,bi1_0.required_quantity_for_special_price,bi1_0.special_price,bd1_0.discount from bundle_discount bd1_0 left join item bi1_0 on bi1_0.id=bd1_0.bundled_item_id where bd1_0.primary_item_id=?
2024-12-20T18:37:02.350+01:00  INFO 17282 --- [CC3] [-auto-1-exec-10] c.c.checkout.service.CartService         : Item(s) added successfully to the cart for user: filip.2
2024-12-20T18:37:02.351+01:00 DEBUG 17282 --- [CC3] [-auto-1-exec-10] org.hibernate.SQL                        : update cart set sum_of_discount=?,total_bundle_discount=?,total_bundle_promo_quantity=?,total_price_with_discounts=?,total_price_without_discounts=?,user_id=? where id=?
Hibernate: update cart set sum_of_discount=?,total_bundle_discount=?,total_bundle_promo_quantity=?,total_price_with_discounts=?,total_price_without_discounts=?,user_id=? where id=?
2024-12-20T18:37:02.352+01:00 DEBUG 17282 --- [CC3] [-auto-1-exec-10] org.hibernate.SQL                        : update cart_item set cart_id=?,item_id=?,quantity=?,quantity_normal_price=?,quantity_special_price=?,single_normal_price=?,single_special_price=? where id=?
Hibernate: update cart_item set cart_id=?,item_id=?,quantity=?,quantity_normal_price=?,quantity_special_price=?,single_normal_price=?,single_special_price=? where id=?
2024-12-20T18:37:02.370+01:00  INFO 17282 --- [CC3] [o-auto-1-exec-1] c.c.c.i.security.SecurityConfiguration   : Creating CORS configuration
2024-12-20T18:37:02.374+01:00 DEBUG 17282 --- [CC3] [o-auto-1-exec-1] org.hibernate.SQL                        : select u1_0.id,u1_0.login,u1_0.password from "user" u1_0 where u1_0.login=?
Hibernate: select u1_0.id,u1_0.login,u1_0.password from "user" u1_0 where u1_0.login=?
2024-12-20T18:37:02.374+01:00 DEBUG 17282 --- [CC3] [o-auto-1-exec-1] org.hibernate.SQL                        : select c1_0.id,c1_0.sum_of_discount,c1_0.total_bundle_discount,c1_0.total_bundle_promo_quantity,c1_0.total_price_with_discounts,c1_0.total_price_without_discounts,c1_0.user_id,u1_0.id,u1_0.login,u1_0.password,r1_0.user_id,r1_1.id,r1_1.name from cart c1_0 join "user" u1_0 on u1_0.id=c1_0.user_id left join user_role r1_0 on u1_0.id=r1_0.user_id left join role r1_1 on r1_1.id=r1_0.role_id where c1_0.user_id=?
Hibernate: select c1_0.id,c1_0.sum_of_discount,c1_0.total_bundle_discount,c1_0.total_bundle_promo_quantity,c1_0.total_price_with_discounts,c1_0.total_price_without_discounts,c1_0.user_id,u1_0.id,u1_0.login,u1_0.password,r1_0.user_id,r1_1.id,r1_1.name from cart c1_0 join "user" u1_0 on u1_0.id=c1_0.user_id left join user_role r1_0 on u1_0.id=r1_0.user_id left join role r1_1 on r1_1.id=r1_0.role_id where c1_0.user_id=?
2024-12-20T18:37:02.376+01:00  INFO 17282 --- [CC3] [o-auto-1-exec-1] c.c.checkout.service.CartService         : Attempting to finalize purchase.
2024-12-20T18:37:02.379+01:00 DEBUG 17282 --- [CC3] [o-auto-1-exec-1] org.hibernate.SQL                        : select u1_0.id,u1_0.login,u1_0.password from "user" u1_0 where u1_0.login=?
Hibernate: select u1_0.id,u1_0.login,u1_0.password from "user" u1_0 where u1_0.login=?
2024-12-20T18:37:02.379+01:00 DEBUG 17282 --- [CC3] [o-auto-1-exec-1] org.hibernate.SQL                        : select c1_0.id,c1_0.sum_of_discount,c1_0.total_bundle_discount,c1_0.total_bundle_promo_quantity,c1_0.total_price_with_discounts,c1_0.total_price_without_discounts,c1_0.user_id,u1_0.id,u1_0.login,u1_0.password,r1_0.user_id,r1_1.id,r1_1.name from cart c1_0 join "user" u1_0 on u1_0.id=c1_0.user_id left join user_role r1_0 on u1_0.id=r1_0.user_id left join role r1_1 on r1_1.id=r1_0.role_id where c1_0.user_id=?
Hibernate: select c1_0.id,c1_0.sum_of_discount,c1_0.total_bundle_discount,c1_0.total_bundle_promo_quantity,c1_0.total_price_with_discounts,c1_0.total_price_without_discounts,c1_0.user_id,u1_0.id,u1_0.login,u1_0.password,r1_0.user_id,r1_1.id,r1_1.name from cart c1_0 join "user" u1_0 on u1_0.id=c1_0.user_id left join user_role r1_0 on u1_0.id=r1_0.user_id left join role r1_1 on r1_1.id=r1_0.role_id where c1_0.user_id=?
2024-12-20T18:37:02.380+01:00 DEBUG 17282 --- [CC3] [o-auto-1-exec-1] org.hibernate.SQL                        : select ci1_0.cart_id,ci1_0.id,ci1_0.item_id,i1_0.id,i1_0.name,i1_0.normal_price,i1_0.required_quantity_for_special_price,i1_0.special_price,ci1_0.quantity,ci1_0.quantity_normal_price,ci1_0.quantity_special_price,ci1_0.single_normal_price,ci1_0.single_special_price from cart_item ci1_0 left join item i1_0 on i1_0.id=ci1_0.item_id where ci1_0.cart_id=?
Hibernate: select ci1_0.cart_id,ci1_0.id,ci1_0.item_id,i1_0.id,i1_0.name,i1_0.normal_price,i1_0.required_quantity_for_special_price,i1_0.special_price,ci1_0.quantity,ci1_0.quantity_normal_price,ci1_0.quantity_special_price,ci1_0.single_normal_price,ci1_0.single_special_price from cart_item ci1_0 left join item i1_0 on i1_0.id=ci1_0.item_id where ci1_0.cart_id=?
2024-12-20T18:37:02.381+01:00  INFO 17282 --- [CC3] [o-auto-1-exec-1] c.c.checkout.service.CartService         : Recalculating cart totals.
2024-12-20T18:37:02.381+01:00 DEBUG 17282 --- [CC3] [o-auto-1-exec-1] org.hibernate.SQL                        : select bd1_0.primary_item_id,bd1_0.id,bd1_0.bundled_item_id,bi1_0.id,bi1_0.name,bi1_0.normal_price,bi1_0.required_quantity_for_special_price,bi1_0.special_price,bd1_0.discount from bundle_discount bd1_0 left join item bi1_0 on bi1_0.id=bd1_0.bundled_item_id where bd1_0.primary_item_id=?
Hibernate: select bd1_0.primary_item_id,bd1_0.id,bd1_0.bundled_item_id,bi1_0.id,bi1_0.name,bi1_0.normal_price,bi1_0.required_quantity_for_special_price,bi1_0.special_price,bd1_0.discount from bundle_discount bd1_0 left join item bi1_0 on bi1_0.id=bd1_0.bundled_item_id where bd1_0.primary_item_id=?
2024-12-20T18:37:02.382+01:00 DEBUG 17282 --- [CC3] [o-auto-1-exec-1] org.hibernate.SQL                        : insert into receipt (issued_at,total_amount,id) values (?,?,default)
Hibernate: insert into receipt (issued_at,total_amount,id) values (?,?,default)
2024-12-20T18:37:02.384+01:00  INFO 17282 --- [CC3] [o-auto-1-exec-1] c.c.checkout.service.CartService         : Resetting cart after successful purchase.
2024-12-20T18:37:02.385+01:00  INFO 17282 --- [CC3] [o-auto-1-exec-1] c.c.checkout.service.CartService         : Purchase finalized successfully for user: filip.2
2024-12-20T18:37:02.387+01:00 DEBUG 17282 --- [CC3] [o-auto-1-exec-1] org.hibernate.SQL                        : update cart set sum_of_discount=?,total_bundle_discount=?,total_bundle_promo_quantity=?,total_price_with_discounts=?,total_price_without_discounts=?,user_id=? where id=?
Hibernate: update cart set sum_of_discount=?,total_bundle_discount=?,total_bundle_promo_quantity=?,total_price_with_discounts=?,total_price_without_discounts=?,user_id=? where id=?
2024-12-20T18:37:02.388+01:00 DEBUG 17282 --- [CC3] [o-auto-1-exec-1] org.hibernate.SQL                        : update cart_item set cart_id=?,item_id=?,quantity=?,quantity_normal_price=?,quantity_special_price=?,single_normal_price=?,single_special_price=? where id=?
Hibernate: update cart_item set cart_id=?,item_id=?,quantity=?,quantity_normal_price=?,quantity_special_price=?,single_normal_price=?,single_special_price=? where id=?
2024-12-20T18:37:02.389+01:00 DEBUG 17282 --- [CC3] [o-auto-1-exec-1] org.hibernate.SQL                        : insert into receipt_purchased_items (receipt_id,cart_item_id) values (?,?)
Hibernate: insert into receipt_purchased_items (receipt_id,cart_item_id) values (?,?)
]]></system-out>
  </testcase>
</testsuite>